<?xml version="1.0" encoding="utf-8"?><testsuites name="pytest tests"><testsuite name="pytest" errors="0" failures="0" skipped="0" tests="12" time="3.361" timestamp="2026-06-12T11:50:29.506061+00:00" hostname="agent-env-9df45a17-2f86-4ea6-8df9-56fcc0cb5f6c"><testcase classname="backend.tests.backend_test" name="test_login_success" time="0.489" /><testcase classname="backend.tests.backend_test" name="test_login_invalid" time="0.377" /><testcase classname="backend.tests.backend_test" name="test_auth_me_requires_token" time="0.089" /><testcase classname="backend.tests.backend_test" name="test_auth_me_with_token" time="0.517" /><testcase classname="backend.tests.backend_test" name="test_list_doctors_returns_seed" time="0.124" /><testcase classname="backend.tests.backend_test" name="test_get_doctor_detail" time="0.248" /><testcase classname="backend.tests.backend_test" name="test_get_doctor_invalid_id" time="0.104" /><testcase classname="backend.tests.backend_test" name="test_post_doctors_requires_auth" time="0.095" /><testcase classname="backend.tests.backend_test" name="test_full_doctor_crud" time="0.808" /><testcase classname="backend.tests.backend_test" name="test_network_get_public" time="0.098" /><testcase classname="backend.tests.backend_test" name="test_network_put_requires_auth" time="0.092" /><testcase classname="backend.tests.backend_test" name="test_network_put_and_get" time="0.203" /></testsuite></testsuites>